{
  "RSpec": {
    "coverage": {
      "/home/bentheboy/tic-tac-toe-rb-online-web-sp-000/lib/tic_tac_toe.rb": [
        null,
        1,
        null,
        null,
        1,
        7,
        7,
        7,
        7,
        7,
        null,
        null,
        null,
        null,
        1,
        6,
        null,
        null,
        null,
        1,
        5,
        null,
        null,
        null,
        1,
        90,
        null,
        null,
        null,
        1,
        6,
        null,
        null,
        null,
        1,
        4,
        4,
        36,
        5,
        null,
        null,
        4,
        null,
        null,
        null,
        1,
        3,
        3,
        null,
        0,
        null,
        null,
        null,
        null,
        1,
        3,
        3,
        3,
        3,
        2,
        2,
        null,
        1,
        null,
        null,
        null,
        null,
        1,
        12,
        82,
        82,
        82,
        null,
        82,
        82,
        82,
        null,
        null,
        82,
        7,
        null,
        null,
        5,
        null,
        null,
        null,
        null,
        1,
        62,
        4,
        null,
        5,
        null,
        null,
        null,
        null,
        1,
        6,
        2,
        null,
        4,
        null,
        null,
        null,
        null,
        1,
        3,
        2,
        null,
        1,
        null,
        null,
        null,
        null,
        1,
        3,
        2,
        null,
        null,
        null,
        1,
        null,
        null,
        null,
        null,
        null,
        null
      ]
    },
    "timestamp": 1606420424
  }
}
